<?xml version="1.0" encoding="UTF-8"?>
<!-- Generated by org.testng.reporters.JUnitReportReporter -->
<testsuite hostname="LAPTOP-C9MSPJV0" name="testCases.ValidateNavigateYourInformation" tests="2" failures="0" timestamp="17 Mar 2020 08:58:15 GMT" time="23.259" errors="0">
  <testcase name="verifyErrorMessage" time="11.364" classname="testCases.ValidateNavigateYourInformation"/>
  <testcase name="verifyOverViewPage" time="11.895" classname="testCases.ValidateNavigateYourInformation"/>
</testsuite> <!-- testCases.ValidateNavigateYourInformation -->
