<?xml version="1.0" encoding="UTF-8"?>
<!-- Generated by org.testng.reporters.JUnitReportReporter -->
<testsuite hostname="LAPTOP-C9MSPJV0" name="testCases.ValidateErrorMessage" tests="1" failures="0" timestamp="17 Mar 2020 01:46:08 GMT" time="2.002" errors="0">
  <testcase name="navigatetoShopCarPage" time="2.002" classname="testCases.ValidateErrorMessage"/>
</testsuite> <!-- testCases.ValidateErrorMessage -->
