<?xml version="1.0" encoding="UTF-8"?>
<!-- Generated by org.testng.reporters.JUnitReportReporter -->
<testsuite hostname="LAPTOP-C9MSPJV0" name="testCases.ValidateNavigateShopingCar" tests="3" failures="0" timestamp="17 Mar 2020 08:58:15 GMT" time="38.546" errors="0">
  <testcase name="navigatetoShopCarPage" time="11.507" classname="testCases.ValidateNavigateShopingCar"/>
  <testcase name="selectOneProduct" time="11.093" classname="testCases.ValidateNavigateShopingCar"/>
  <testcase name="selectMutipleProducts" time="15.946" classname="testCases.ValidateNavigateShopingCar"/>
</testsuite> <!-- testCases.ValidateNavigateShopingCar -->
