<?xml version="1.0" encoding="UTF-8"?>
<!-- Generated by org.testng.reporters.JUnitReportReporter -->
<testsuite hostname="LAPTOP-C9MSPJV0" name="testCases.ValidateNavigateProductsPage" tests="1" failures="0" timestamp="16 Mar 2020 00:45:05 GMT" time="15.606" errors="0">
  <testcase name="initialize" time="15.606" classname="testCases.ValidateNavigateProductsPage"/>
</testsuite> <!-- testCases.ValidateNavigateProductsPage -->
