<?xml version="1.0" encoding="UTF-8"?>
<!-- Generated by org.testng.reporters.JUnitReportReporter -->
<testsuite hostname="LAPTOP-C9MSPJV0" name="testCases.ValidateNavigateProductsFlow" tests="3" failures="0" timestamp="17 Mar 2020 08:58:15 GMT" time="33.792" errors="0">
  <testcase name="logoutPrdPg" time="11.369" classname="testCases.ValidateNavigateProductsFlow"/>
  <testcase name="loginPrdPg" time="11.533" classname="testCases.ValidateNavigateProductsFlow"/>
  <testcase name="loginWrongUser" time="10.890" classname="testCases.ValidateNavigateProductsFlow"/>
</testsuite> <!-- testCases.ValidateNavigateProductsFlow -->
