<?xml version="1.0" encoding="UTF-8"?>
<!-- Generated by org.testng.reporters.JUnitReportReporter -->
<testsuite hostname="LAPTOP-C9MSPJV0" name="testCases.ValidateNavigateOverView" tests="2" failures="0" timestamp="17 Mar 2020 08:58:15 GMT" time="23.008" errors="0">
  <testcase name="verifyOverViewPage" time="11.452" classname="testCases.ValidateNavigateOverView"/>
  <testcase name="verifyFinishPage" time="11.556" classname="testCases.ValidateNavigateOverView"/>
</testsuite> <!-- testCases.ValidateNavigateOverView -->
