<?xml version="1.0" encoding="UTF-8"?>
<!-- Generated by org.testng.reporters.JUnitReportReporter -->
<testsuite hostname="LAPTOP-C9MSPJV0" name="testCases.ValidateNavigateOverView" tests="2" failures="0" timestamp="18 Mar 2020 04:25:47 GMT" time="31.687" errors="0">
  <testcase name="verifyFinishPage" time="16.113" classname="testCases.ValidateNavigateOverView"/>
  <testcase name="verifyOverViewPage" time="15.574" classname="testCases.ValidateNavigateOverView"/>
</testsuite> <!-- testCases.ValidateNavigateOverView -->
