<?xml version="1.0" encoding="UTF-8"?>
<!-- Generated by org.testng.reporters.JUnitReportReporter -->
<testsuite hostname="LAPTOP-C9MSPJV0" name="testCases.ValidateNavigateProductsFlow" tests="1" failures="0" timestamp="18 Mar 2020 04:26:41 GMT" time="12.896" errors="0">
  <testcase name="logoutPrdPg" time="12.896" classname="testCases.ValidateNavigateProductsFlow"/>
</testsuite> <!-- testCases.ValidateNavigateProductsFlow -->
