<?xml version="1.0" encoding="UTF-8"?>
<!-- Generated by org.testng.reporters.JUnitReportReporter -->
<testsuite hostname="LAPTOP-C9MSPJV0" name="testCases.ValidateNavigateYourInformation" tests="2" failures="0" timestamp="18 Mar 2020 04:25:47 GMT" time="35.433" errors="0">
  <testcase name="verifyOverViewPage" time="20.841" classname="testCases.ValidateNavigateYourInformation"/>
  <testcase name="verifyErrorMessage" time="14.592" classname="testCases.ValidateNavigateYourInformation"/>
</testsuite> <!-- testCases.ValidateNavigateYourInformation -->
