<?xml version="1.0" encoding="UTF-8"?>
<!-- Generated by org.testng.reporters.JUnitReportReporter -->
<testsuite hostname="LAPTOP-C9MSPJV0" name="testCases.ValidateNavigateShopingCar" tests="3" failures="0" timestamp="18 Mar 2020 04:25:47 GMT" time="44.976" errors="0">
  <testcase name="navigatetoShopCarPage" time="13.460" classname="testCases.ValidateNavigateShopingCar"/>
  <testcase name="selectOneProduct" time="13.240" classname="testCases.ValidateNavigateShopingCar"/>
  <testcase name="selectMutipleProducts" time="18.276" classname="testCases.ValidateNavigateShopingCar"/>
</testsuite> <!-- testCases.ValidateNavigateShopingCar -->
